#
# A fatal error has been detected by the Java Runtime Environment:
#
#  SIGSEGV (0xb) at pc=0x000000010a890449, pid=6279, tid=24579
#
# JRE version: OpenJDK Runtime Environment (16.0.2+7) (build 16.0.2+7-67)
# Java VM: OpenJDK 64-Bit Server VM (16.0.2+7-67, mixed mode, tiered, compressed oops, compressed class ptrs, g1 gc, bsd-amd64)
# Problematic frame:
# C  [libjimage.dylib+0x3449]  _ZNK15ImageFileReader19find_location_indexEPKcPy+0x89
#
# No core dump will be written. Core dumps have been disabled. To enable core dumping, try "ulimit -c unlimited" before starting Java again
#
# If you would like to submit a bug report, please visit:
#   https://bugreport.java.com/bugreport/crash.jsp
#

---------------  S U M M A R Y ------------

Command Line: -XX:+ShowCodeDetailsInExceptionMessages -agentlib:jdwp=transport=dt_socket,suspend=y,address=localhost:57261 -javaagent:/Applications/Eclipse.app/Contents/Eclipse/configuration/org.eclipse.osgi/671/0/.cp/lib/javaagent-shaded.jar -Dfile.encoding=UTF-8 com.shopify.inventory.InventoryApplication

Host: MacBookPro17,1 x86_64 2400 MHz, 8 cores, 8G, Darwin 21.3.0, macOS 10.16 (21D62)
Time: Wed May 18 12:00:13 2022 MST elapsed time: 57.817459 seconds (0d 0h 0m 57s)

---------------  T H R E A D  ---------------

Current thread (0x00007ff2cb037200):  JavaThread "Signal Dispatcher" daemon [_thread_in_vm, id=24579, stack(0x000000030917f000,0x000000030927f000)]

Stack: [0x000000030917f000,0x000000030927f000],  sp=0x000000030927d3d0,  free space=1016k
Native frames: (J=compiled Java code, A=aot compiled Java code, j=interpreted, Vv=VM code, C=native code)
C  [libjimage.dylib+0x3449]  _ZNK15ImageFileReader19find_location_indexEPKcPy+0x89
C  [libjimage.dylib+0x38c0]  JIMAGE_FindResource+0xd0
V  [libjvm.dylib+0x2dfa5a]  _ZN19ClassPathImageEntry22open_stream_for_loaderEPKcP15ClassLoaderDataP6Thread+0x7a
V  [libjvm.dylib+0x2e37eb]  _ZN11ClassLoader10load_classEP6SymbolbP6Thread+0x13b
